# JRE version: OpenJDK Runtime Environment (21.0.5) (build 21.0.5+-12932927-b750.29)
# Java VM: OpenJDK 64-Bit Server VM (21.0.5+-12932927-b750.29, mixed mode, tiered, compressed oops, compressed class ptrs, g1 gc, windows-amd64)
GC Precious Log:
 CardTable entry size: 512
 Card Set container configuration: InlinePtr #cards 5 size 8 Array Of Cards #cards 12 size 40 Howl #buckets 4 coarsen threshold 1843 Howl Bitmap #cards 512 size 80 coarsen threshold 460 Card regions per heap region 1 cards per card region 2048
 CPUs: 16 total, 16 available
 Memory: 15790M
 Large Page Support: Disabled
 NUMA Support: Disabled
 Compressed Oops: Enabled (32-bit)
 Heap Region Size: 1M
 Heap Min Capacity: 8M
 Heap Initial Capacity: 248M
 Heap Max Capacity: 2G
 Pre-touch: Disabled
 Parallel Workers: 13
 Concurrent Workers: 3
 Concurrent Refinement Workers: 13
 Periodic GC: Disabled
Heap:
 garbage-first heap   total 261120K, used 180167K [0x0000000080000000, 0x0000000100000000)
  region size 1024K, 20 young (20480K), 11 survivors (11264K)
 Metaspace       used 114826K, committed 116928K, reserved 1179648K
  class space    used 15536K, committed 16576K, reserved 1048576K
GC Heap History (20 events):
Event: 9.680 GC heap before
{Heap before GC invocations=32 (full 0):
 garbage-first heap   total 155648K, used 138742K [0x0000000080000000, 0x0000000100000000)
  region size 1024K, 49 young (50176K), 6 survivors (6144K)
 Metaspace       used 105357K, committed 107456K, reserved 1179648K
  class space    used 14355K, committed 15360K, reserved 1048576K
}
Event: 9.685 GC heap after
{Heap after GC invocations=33 (full 0):
 garbage-first heap   total 155648K, used 98495K [0x0000000080000000, 0x0000000100000000)
  region size 1024K, 6 young (6144K), 6 survivors (6144K)
 Metaspace       used 105357K, committed 107456K, reserved 1179648K
  class space    used 14355K, committed 15360K, reserved 1048576K
}
Event: 10.061 GC heap before
{Heap before GC invocations=34 (full 0):
 garbage-first heap   total 165888K, used 138431K [0x0000000080000000, 0x0000000100000000)
  region size 1024K, 46 young (47104K), 6 survivors (6144K)
 Metaspace       used 107958K, committed 110016K, reserved 1179648K
  class space    used 14780K, committed 15808K, reserved 1048576K
}
Event: 10.067 GC heap after
{Heap after GC invocations=35 (full 0):
 garbage-first heap   total 165888K, used 104236K [0x0000000080000000, 0x0000000100000000)
  region size 1024K, 6 young (6144K), 6 survivors (6144K)
 Metaspace       used 107958K, committed 110016K, reserved 1179648K
  class space    used 14780K, committed 15808K, reserved 1048576K
}
Event: 10.281 GC heap before
{Heap before GC invocations=35 (full 0):
 garbage-first heap   total 165888K, used 149292K [0x0000000080000000, 0x0000000100000000)
  region size 1024K, 51 young (52224K), 6 survivors (6144K)
 Metaspace       used 108528K, committed 110592K, reserved 1179648K
  class space    used 14861K, committed 15872K, reserved 1048576K
}
Event: 10.287 GC heap after
{Heap after GC invocations=36 (full 0):
 garbage-first heap   total 199680K, used 107416K [0x0000000080000000, 0x0000000100000000)
  region size 1024K, 5 young (5120K), 5 survivors (5120K)
 Metaspace       used 108528K, committed 110592K, reserved 1179648K
  class space    used 14861K, committed 15872K, reserved 1048576K
}
Event: 10.524 GC heap before
{Heap before GC invocations=36 (full 0):
 garbage-first heap   total 199680K, used 177048K [0x0000000080000000, 0x0000000100000000)
  region size 1024K, 73 young (74752K), 5 survivors (5120K)
 Metaspace       used 109163K, committed 111232K, reserved 1179648K
  class space    used 14947K, committed 16000K, reserved 1048576K
}
Event: 10.528 GC heap after
{Heap after GC invocations=37 (full 0):
 garbage-first heap   total 199680K, used 111425K [0x0000000080000000, 0x0000000100000000)
  region size 1024K, 9 young (9216K), 9 survivors (9216K)
 Metaspace       used 109163K, committed 111232K, reserved 1179648K
  class space    used 14947K, committed 16000K, reserved 1048576K
}
Event: 10.716 GC heap before
{Heap before GC invocations=37 (full 0):
 garbage-first heap   total 199680K, used 176961K [0x0000000080000000, 0x0000000100000000)
  region size 1024K, 74 young (75776K), 9 survivors (9216K)
 Metaspace       used 109244K, committed 111360K, reserved 1179648K
  class space    used 14949K, committed 16000K, reserved 1048576K
}
Event: 10.720 GC heap after
{Heap after GC invocations=38 (full 0):
 garbage-first heap   total 199680K, used 114498K [0x0000000080000000, 0x0000000100000000)
  region size 1024K, 8 young (8192K), 8 survivors (8192K)
 Metaspace       used 109244K, committed 111360K, reserved 1179648K
  class space    used 14949K, committed 16000K, reserved 1048576K
}
Event: 10.769 GC heap before
{Heap before GC invocations=38 (full 0):
 garbage-first heap   total 199680K, used 131906K [0x0000000080000000, 0x0000000100000000)
  region size 1024K, 27 young (27648K), 8 survivors (8192K)
 Metaspace       used 109346K, committed 111424K, reserved 1179648K
  class space    used 14962K, committed 16000K, reserved 1048576K
}
Event: 10.773 GC heap after
{Heap after GC invocations=39 (full 0):
 garbage-first heap   total 199680K, used 115997K [0x0000000080000000, 0x0000000100000000)
  region size 1024K, 5 young (5120K), 5 survivors (5120K)
 Metaspace       used 109346K, committed 111424K, reserved 1179648K
  class space    used 14962K, committed 16000K, reserved 1048576K
}
Event: 11.369 GC heap before
{Heap before GC invocations=40 (full 0):
 garbage-first heap   total 203776K, used 187677K [0x0000000080000000, 0x0000000100000000)
  region size 1024K, 70 young (71680K), 5 survivors (5120K)
 Metaspace       used 113191K, committed 115264K, reserved 1179648K
  class space    used 15297K, committed 16320K, reserved 1048576K
}
Event: 11.373 GC heap after
{Heap after GC invocations=41 (full 0):
 garbage-first heap   total 203776K, used 119309K [0x0000000080000000, 0x0000000100000000)
  region size 1024K, 8 young (8192K), 8 survivors (8192K)
 Metaspace       used 113191K, committed 115264K, reserved 1179648K
  class space    used 15297K, committed 16320K, reserved 1048576K
}
Event: 11.504 GC heap before
{Heap before GC invocations=41 (full 0):
 garbage-first heap   total 203776K, used 182797K [0x0000000080000000, 0x0000000100000000)
  region size 1024K, 71 young (72704K), 8 survivors (8192K)
 Metaspace       used 113245K, committed 115328K, reserved 1179648K
  class space    used 15302K, committed 16320K, reserved 1048576K
}
Event: 11.510 GC heap after
{Heap after GC invocations=42 (full 0):
 garbage-first heap   total 203776K, used 121299K [0x0000000080000000, 0x0000000100000000)
  region size 1024K, 8 young (8192K), 8 survivors (8192K)
 Metaspace       used 113245K, committed 115328K, reserved 1179648K
  class space    used 15302K, committed 16320K, reserved 1048576K
}
Event: 11.688 GC heap before
{Heap before GC invocations=42 (full 0):
 garbage-first heap   total 203776K, used 181715K [0x0000000080000000, 0x0000000100000000)
  region size 1024K, 68 young (69632K), 8 survivors (8192K)
 Metaspace       used 114019K, committed 116160K, reserved 1179648K
  class space    used 15420K, committed 16448K, reserved 1048576K
}
Event: 11.695 GC heap after
{Heap after GC invocations=43 (full 0):
 garbage-first heap   total 244736K, used 130846K [0x0000000080000000, 0x0000000100000000)
  region size 1024K, 9 young (9216K), 9 survivors (9216K)
 Metaspace       used 114019K, committed 116160K, reserved 1179648K
  class space    used 15420K, committed 16448K, reserved 1048576K
}
Event: 11.752 GC heap before
{Heap before GC invocations=43 (full 0):
 garbage-first heap   total 244736K, used 223006K [0x0000000080000000, 0x0000000100000000)
  region size 1024K, 98 young (100352K), 9 survivors (9216K)
 Metaspace       used 114210K, committed 116352K, reserved 1179648K
  class space    used 15441K, committed 16512K, reserved 1048576K
}
Event: 11.760 GC heap after
{Heap after GC invocations=44 (full 0):
 garbage-first heap   total 258048K, used 155830K [0x0000000080000000, 0x0000000100000000)
  region size 1024K, 13 young (13312K), 13 survivors (13312K)
 Metaspace       used 114210K, committed 116352K, reserved 1179648K
  class space    used 15441K, committed 16512K, reserved 1048576K
}

